<?xml version="1.0" encoding="UTF-8"?>
<testng-results ignored="0" total="2" passed="2" failed="0" skipped="0">
  <reporter-output>
  </reporter-output>
  <suite started-at="2019-10-23T15:16:46Z" name="tests.LogInTest" finished-at="2019-10-23T15:17:14Z" duration-ms="28357">
    <groups>
    </groups>
    <test started-at="2019-10-23T15:16:46Z" name="Command line test" finished-at="2019-10-23T15:17:14Z" duration-ms="28357">
      <class name="tests.LogInTest">
        <test-method is-config="true" signature="setUp()[pri:0, instance:tests.LogInTest@3967e60c]" started-at="2019-10-23T15:16:46Z" name="setUp" finished-at="2019-10-23T15:16:59Z" duration-ms="12868" status="PASS">
          <reporter-output>
          </reporter-output>
        </test-method> <!-- setUp -->
        <test-method signature="verifyURL()[pri:1, instance:tests.LogInTest@3967e60c]" started-at="2019-10-23T15:16:59Z" name="verifyURL" finished-at="2019-10-23T15:16:59Z" duration-ms="11" status="PASS">
          <reporter-output>
          </reporter-output>
        </test-method> <!-- verifyURL -->
        <test-method is-config="true" signature="tearDown()[pri:0, instance:tests.LogInTest@3967e60c]" started-at="2019-10-23T15:16:59Z" name="tearDown" finished-at="2019-10-23T15:16:59Z" duration-ms="681" status="PASS">
          <reporter-output>
          </reporter-output>
        </test-method> <!-- tearDown -->
        <test-method is-config="true" signature="setUp()[pri:0, instance:tests.LogInTest@3967e60c]" started-at="2019-10-23T15:16:59Z" name="setUp" finished-at="2019-10-23T15:17:11Z" duration-ms="11298" status="PASS">
          <reporter-output>
          </reporter-output>
        </test-method> <!-- setUp -->
        <test-method signature="logIn()[pri:2, instance:tests.LogInTest@3967e60c]" started-at="2019-10-23T15:17:11Z" name="logIn" finished-at="2019-10-23T15:17:14Z" duration-ms="2836" status="PASS">
          <reporter-output>
          </reporter-output>
        </test-method> <!-- logIn -->
        <test-method is-config="true" signature="tearDown()[pri:0, instance:tests.LogInTest@3967e60c]" started-at="2019-10-23T15:17:14Z" name="tearDown" finished-at="2019-10-23T15:17:14Z" duration-ms="641" status="PASS">
          <reporter-output>
          </reporter-output>
        </test-method> <!-- tearDown -->
      </class> <!-- tests.LogInTest -->
    </test> <!-- Command line test -->
  </suite> <!-- tests.LogInTest -->
</testng-results>
