<?xml version="1.0" encoding="UTF-8"?>
<testng-results ignored="0" total="2" passed="2" failed="0" skipped="0">
  <reporter-output>
  </reporter-output>
  <suite started-at="2019-10-23T13:28:12Z" name="Default suite" finished-at="2019-10-23T13:28:44Z" duration-ms="31818">
    <groups>
    </groups>
    <test started-at="2019-10-23T13:28:12Z" name="Default test" finished-at="2019-10-23T13:28:44Z" duration-ms="31818">
      <class name="tests.LogInTest">
        <test-method is-config="true" signature="setUp()[pri:0, instance:tests.LogInTest@4988d8b8]" started-at="2019-10-23T13:28:12Z" name="setUp" finished-at="2019-10-23T13:28:27Z" duration-ms="14460" status="PASS">
          <reporter-output>
          </reporter-output>
        </test-method> <!-- setUp -->
        <test-method signature="verifyURL()[pri:1, instance:tests.LogInTest@4988d8b8]" started-at="2019-10-23T13:28:27Z" name="verifyURL" finished-at="2019-10-23T13:28:27Z" duration-ms="15" status="PASS">
          <reporter-output>
          </reporter-output>
        </test-method> <!-- verifyURL -->
        <test-method is-config="true" signature="tearDown()[pri:0, instance:tests.LogInTest@4988d8b8]" started-at="2019-10-23T13:28:27Z" name="tearDown" finished-at="2019-10-23T13:28:28Z" duration-ms="762" status="PASS">
          <reporter-output>
          </reporter-output>
        </test-method> <!-- tearDown -->
        <test-method is-config="true" signature="setUp()[pri:0, instance:tests.LogInTest@4988d8b8]" started-at="2019-10-23T13:28:28Z" name="setUp" finished-at="2019-10-23T13:28:40Z" duration-ms="12488" status="PASS">
          <reporter-output>
          </reporter-output>
        </test-method> <!-- setUp -->
        <test-method signature="logIn()[pri:2, instance:tests.LogInTest@4988d8b8]" started-at="2019-10-23T13:28:40Z" name="logIn" finished-at="2019-10-23T13:28:43Z" duration-ms="3371" status="PASS">
          <reporter-output>
          </reporter-output>
        </test-method> <!-- logIn -->
        <test-method is-config="true" signature="tearDown()[pri:0, instance:tests.LogInTest@4988d8b8]" started-at="2019-10-23T13:28:43Z" name="tearDown" finished-at="2019-10-23T13:28:44Z" duration-ms="682" status="PASS">
          <reporter-output>
          </reporter-output>
        </test-method> <!-- tearDown -->
      </class> <!-- tests.LogInTest -->
    </test> <!-- Default test -->
  </suite> <!-- Default suite -->
</testng-results>
